2025-01-29 20:06:43 - Connexion réussie pour l'utilisateur ruf@gmail.com2025-01-29 20:06:43 - Début de session pour l'utilisateur ruf@gmail.com
2025-01-29 20:13:27 - Tentative de connexion échec pour l'utilisateur prof@gmail.com
2025-01-29 20:13:27 - Début de session pour l'utilisateur prof@gmail.com
2025-01-29 20:15:38 - Tentative de connexion échec pour l'utilisateur ruf@gmail.com
2025-01-29 20:15:38 - Début de session pour l'utilisateur ruf@gmail.com
2025-01-29 20:42:52 - Tentative de connexion échec pour l'utilisateur prof@gmail.com
2025-01-29 20:42:52 - Début de session pour l'utilisateur prof@gmail.com
2025-01-30 13:39:21 - Tentative de connexion échec pour l'utilisateur dav@gmail.com
2025-01-30 13:39:21 - Début de session pour l'utilisateur dav@gmail.com
2025-01-30 13:57:04 - Tentative de connexion échec pour l'utilisateur prof@gmail.com
2025-01-30 13:57:04 - Début de session pour l'utilisateur prof@gmail.com
2025-01-30 14:00:56 - Tentative de connexion échec pour l'utilisateur ruf@gmail.com
2025-01-30 14:00:56 - Début de session pour l'utilisateur ruf@gmail.com
2025-01-30 14:22:24 - Tentative de connexion échec pour l'utilisateur dav@gmail.com
2025-01-30 14:22:24 - Début de session pour l'utilisateur dav@gmail.com
2025-01-30 14:24:56 - Tentative de connexion échec pour l'utilisateur prof@gmail.com
2025-01-30 14:24:56 - Début de session pour l'utilisateur prof@gmail.com
2025-01-30 14:27:22 - Tentative de connexion échec pour l'utilisateur prof@gmail.com
2025-01-30 14:27:22 - Début de session pour l'utilisateur prof@gmail.com
2025-01-30 14:27:34 - Tentative de connexion échec pour l'utilisateur prof@gmail.com
2025-01-30 14:27:34 - Début de session pour l'utilisateur prof@gmail.com
2025-01-30 14:31:10 - Tentative de connexion échec pour l'utilisateur prof@gmail.com
2025-01-30 14:31:10 - Début de session pour l'utilisateur prof@gmail.com
2025-01-30 14:41:41 - Tentative de connexion échec pour l'utilisateur dav@gmail.com
2025-01-30 14:41:41 - Début de session pour l'utilisateur dav@gmail.com
2025-01-30 15:35:49 - Tentative de connexion échec pour l'utilisateur prof@gmail.com
2025-01-30 15:35:49 - Début de session pour l'utilisateur prof@gmail.com
2025-01-30 16:55:05 - Tentative de connexion échec pour l'utilisateur rof@gmail.com
2025-01-30 16:55:05 - Début de session pour l'utilisateur rof@gmail.com
2025-01-30 18:21:58 - Tentative de connexion échec pour l'utilisateur dav@gmail.com
2025-01-30 18:21:58 - Début de session pour l'utilisateur dav@gmail.com
2025-01-30 18:30:01 - Tentative de connexion échec pour l'utilisateur sev@gmail.com
2025-01-30 18:30:01 - Début de session pour l'utilisateur sev@gmail.com
2025-01-30 18:36:51 - Tentative de connexion échec pour l'utilisateur arlo@gmail.com
2025-01-30 18:36:51 - Début de session pour l'utilisateur arlo@gmail.com
2025-01-30 18:48:58 - Tentative de connexion échec pour l'utilisateur sev@gmail.com
2025-01-30 18:48:58 - Début de session pour l'utilisateur sev@gmail.com
2025-01-30 19:04:09 - Tentative de connexion échec pour l'utilisateur prof@gmail.com
2025-01-30 19:04:09 - Echec de connexion pour l'utilisateur prof@gmail.com
2025-01-30 19:04:16 - Tentative de connexion échec pour l'utilisateur prof@gmail.com
2025-01-30 19:04:16 - Début de session pour l'utilisateur prof@gmail.com
2025-01-30 19:09:07 - Tentative de connexion échec pour l'utilisateur dav@gmail.com
2025-01-30 19:09:08 - Début de session pour l'utilisateur dav@gmail.com
2025-01-31 09:12:52 - Tentative de connexion échec pour l'utilisateur prof@gmail.com
2025-01-31 09:16:03 - Tentative de connexion échec pour l'utilisateur dav@gmail.com
2025-01-31 09:16:04 - Début de session pour l'utilisateur dav@gmail.com
2025-01-31 09:16:15 - Tentative de connexion échec pour l'utilisateur dav@gmail.com
2025-01-31 09:16:15 - Début de session pour l'utilisateur dav@gmail.com
2025-01-31 10:55:52 - Tentative de connexion échec pour l'utilisateur prof@gmail.com
2025-01-31 10:55:52 - Début de session pour l'utilisateur prof@gmail.com
2025-01-31 13:30:45 - Tentative de connexion échec pour l'utilisateur ruf@gmail.com
2025-01-31 13:30:45 - Début de session pour l'utilisateur ruf@gmail.com
2025-01-31 15:59:51 - Tentative de connexion échec pour l'utilisateur prof@gmail.com
2025-01-31 15:59:51 - Début de session pour l'utilisateur prof@gmail.com
2025-01-31 16:02:31 - Tentative de connexion échec pour l'utilisateur prof@gmail.com
2025-01-31 16:02:31 - Début de session pour l'utilisateur prof@gmail.com
2025-01-31 16:06:58 - Tentative de connexion échec pour l'utilisateur prof@gmail.com
2025-01-31 16:06:58 - Début de session pour l'utilisateur prof@gmail.com
2025-02-01 08:17:13 - Tentative de connexion échec pour l'utilisateur prof@gmail.com
2025-02-01 08:17:13 - Début de session pour l'utilisateur prof@gmail.com
2025-02-01 08:18:15 - Tentative de connexion échec pour l'utilisateur prof@gmail.com
2025-02-01 08:18:15 - Début de session pour l'utilisateur prof@gmail.com
2025-02-01 08:18:52 - Tentative de connexion échec pour l'utilisateur rof@gmail.com
2025-02-01 08:18:52 - Début de session pour l'utilisateur rof@gmail.com
2025-02-01 08:19:26 - Tentative de connexion échec pour l'utilisateur prof@gmail.com
2025-02-01 08:19:26 - Début de session pour l'utilisateur prof@gmail.com
2025-02-01 08:49:40 - Tentative de connexion échec pour l'utilisateur prof@gmail.com
2025-02-01 08:49:40 - Début de session pour l'utilisateur prof@gmail.com
2025-02-01 08:51:14 - Tentative de connexion échec pour l'utilisateur prof@gmail.com
2025-02-01 08:51:14 - Début de session pour l'utilisateur prof@gmail.com
2025-02-01 08:52:46 - Tentative de connexion échec pour l'utilisateur prof@gmail.com
2025-02-01 08:52:46 - Début de session pour l'utilisateur prof@gmail.com
2025-02-01 08:53:50 - Tentative de connexion échec pour l'utilisateur prof@gmail.com
2025-02-01 08:53:50 - Début de session pour l'utilisateur prof@gmail.com
2025-02-01 08:58:35 - Tentative de connexion échec pour l'utilisateur prof@gmail.com
2025-02-01 08:58:35 - Début de session pour l'utilisateur prof@gmail.com
2025-02-01 09:00:11 - Tentative de connexion échec pour l'utilisateur dav@gmail.com
2025-02-01 09:00:11 - Début de session pour l'utilisateur dav@gmail.com
2025-02-01 09:00:28 - Tentative de connexion échec pour l'utilisateur ruf@gmail.com
2025-02-01 09:00:28 - Début de session pour l'utilisateur ruf@gmail.com
2025-02-01 09:01:42 - Tentative de connexion échec pour l'utilisateur yo@gmail.com
2025-02-01 09:01:42 - Début de session pour l'utilisateur yo@gmail.com
2025-02-01 09:05:25 - Tentative de connexion échec pour l'utilisateur un@gmail.com
2025-02-01 09:05:25 - Début de session pour l'utilisateur un@gmail.com
2025-02-01 09:13:05 - Tentative de connexion échec pour l'utilisateur un@gmail.com
2025-02-01 09:13:05 - Début de session pour l'utilisateur un@gmail.com
2025-02-01 09:18:06 - Tentative de connexion échec pour l'utilisateur dav@gmail.com
2025-02-01 09:18:06 - Début de session pour l'utilisateur dav@gmail.com
2025-02-01 09:18:22 - Tentative de connexion échec pour l'utilisateur prof@gmail.com
2025-02-01 09:18:22 - Début de session pour l'utilisateur prof@gmail.com
